<?xml version="1.0" encoding="UTF-8"?>
<!-- Generated by org.testng.reporters.JUnitReportReporter -->
<testsuite hostname="LAPTOP-B833TCJO" failures="0" tests="5" name="testCase.testCase1" time="36.253" errors="0" timestamp="2023-04-13T15:10:21 IST" skipped="0">
  <testcase classname="testCase.testCase1" name="logintest" time="8.049"/>
  <system-out/>
  <testcase classname="testCase.testCase1" name="scrollDown" time="7.284"/>
  <system-out/>
  <testcase classname="testCase.testCase1" name="scrollUp" time="9.911"/>
  <system-out/>
  <testcase classname="testCase.testCase1" name="myaccount" time="5.733"/>
  <system-out/>
  <testcase classname="testCase.testCase1" name="getCookies" time="5.276"/>
  <system-out/>
</testsuite> <!-- testCase.testCase1 -->
